2008.07.23 20:31 B C:\Documents and Settings\Mark\My Documents\Websites\Yfocus\fairtrade\images\beach volleyball 2.JPG <-- Yfocus /fairtrade/images beach volleyball 2.JPG
2008.07.23 20:31 B C:\Documents and Settings\Mark\My Documents\Websites\Yfocus\fairtrade\images\bg.jpg <-- Yfocus /fairtrade/images bg.jpg
2008.07.23 20:31 B C:\Documents and Settings\Mark\My Documents\Websites\Yfocus\fairtrade\images\Childrensoccerball.jpg <-- Yfocus /fairtrade/images Childrensoccerball.jpg
2008.07.23 20:31 B C:\Documents and Settings\Mark\My Documents\Websites\Yfocus\fairtrade\images\Indoor soccer 2.JPG <-- Yfocus /fairtrade/images Indoor soccer 2.JPG
2008.07.23 20:31 B C:\Documents and Settings\Mark\My Documents\Websites\Yfocus\fairtrade\images\IRlayout2_01.gif <-- Yfocus /fairtrade/images IRlayout2_01.gif
2008.07.23 20:31 B C:\Documents and Settings\Mark\My Documents\Websites\Yfocus\fairtrade\images\IRlayout2_02.gif <-- Yfocus /fairtrade/images IRlayout2_02.gif
2008.07.23 20:31 B C:\Documents and Settings\Mark\My Documents\Websites\Yfocus\fairtrade\images\IRlayout2_03.gif <-- Yfocus /fairtrade/images IRlayout2_03.gif
2008.07.23 20:31 B C:\Documents and Settings\Mark\My Documents\Websites\Yfocus\fairtrade\images\IRlayout2_04-over.gif <-- Yfocus /fairtrade/images IRlayout2_04-over.gif
2008.07.23 20:31 B C:\Documents and Settings\Mark\My Documents\Websites\Yfocus\fairtrade\images\IRlayout2_04.gif <-- Yfocus /fairtrade/images IRlayout2_04.gif
2008.07.23 20:31 B C:\Documents and Settings\Mark\My Documents\Websites\Yfocus\fairtrade\images\IRlayout2_05-over.gif <-- Yfocus /fairtrade/images IRlayout2_05-over.gif
2008.07.23 20:31 B C:\Documents and Settings\Mark\My Documents\Websites\Yfocus\fairtrade\images\IRlayout2_05.gif <-- Yfocus /fairtrade/images IRlayout2_05.gif
2008.07.23 20:31 B C:\Documents and Settings\Mark\My Documents\Websites\Yfocus\fairtrade\images\IRlayout2_06-over.gif <-- Yfocus /fairtrade/images IRlayout2_06-over.gif
2008.07.23 20:31 B C:\Documents and Settings\Mark\My Documents\Websites\Yfocus\fairtrade\images\IRlayout2_06.gif <-- Yfocus /fairtrade/images IRlayout2_06.gif
2008.07.23 20:31 B C:\Documents and Settings\Mark\My Documents\Websites\Yfocus\fairtrade\images\IRlayout2_07-over.gif <-- Yfocus /fairtrade/images IRlayout2_07-over.gif
2008.07.23 20:31 B C:\Documents and Settings\Mark\My Documents\Websites\Yfocus\fairtrade\images\IRlayout2_07.gif <-- Yfocus /fairtrade/images IRlayout2_07.gif
2008.07.23 20:31 B C:\Documents and Settings\Mark\My Documents\Websites\Yfocus\fairtrade\images\IRlayout2_08-over.gif <-- Yfocus /fairtrade/images IRlayout2_08-over.gif
2008.07.23 20:31 B C:\Documents and Settings\Mark\My Documents\Websites\Yfocus\fairtrade\images\IRlayout2_08.gif <-- Yfocus /fairtrade/images IRlayout2_08.gif
2008.07.23 20:31 B C:\Documents and Settings\Mark\My Documents\Websites\Yfocus\fairtrade\images\IRlayout2_09-over.gif <-- Yfocus /fairtrade/images IRlayout2_09-over.gif
2008.07.23 20:31 B C:\Documents and Settings\Mark\My Documents\Websites\Yfocus\fairtrade\images\IRlayout2_09.gif <-- Yfocus /fairtrade/images IRlayout2_09.gif
2008.07.23 20:31 B C:\Documents and Settings\Mark\My Documents\Websites\Yfocus\fairtrade\images\nepal1.jpg <-- Yfocus /fairtrade/images nepal1.jpg
2008.07.23 20:31 B C:\Documents and Settings\Mark\My Documents\Websites\Yfocus\fairtrade\images\nepal2.jpg <-- Yfocus /fairtrade/images nepal2.jpg
2008.07.23 20:31 B C:\Documents and Settings\Mark\My Documents\Websites\Yfocus\fairtrade\images\nepal3.jpg <-- Yfocus /fairtrade/images nepal3.jpg
2008.07.23 20:31 B C:\Documents and Settings\Mark\My Documents\Websites\Yfocus\fairtrade\images\nepal4.jpg <-- Yfocus /fairtrade/images nepal4.jpg
2008.07.23 20:31 B C:\Documents and Settings\Mark\My Documents\Websites\Yfocus\fairtrade\images\nepal5.jpg <-- Yfocus /fairtrade/images nepal5.jpg
2008.07.23 20:31 B C:\Documents and Settings\Mark\My Documents\Websites\Yfocus\fairtrade\images\Premiumsoccer.jpg <-- Yfocus /fairtrade/images Premiumsoccer.jpg
2008.07.23 20:31 B C:\Documents and Settings\Mark\My Documents\Websites\Yfocus\fairtrade\images\spacer.gif <-- Yfocus /fairtrade/images spacer.gif
2008.07.23 20:31 B C:\Documents and Settings\Mark\My Documents\Websites\Yfocus\fairtrade\images\Teensoccerball.jpg <-- Yfocus /fairtrade/images Teensoccerball.jpg
2008.07.23 20:31 B C:\Documents and Settings\Mark\My Documents\Websites\Yfocus\fairtrade\images\Volleyball 1.JPG <-- Yfocus /fairtrade/images Volleyball 1.JPG
