2008.07.23 20:29 B C:\Documents and Settings\Mark\My Documents\Websites\Yfocus\about.htm <-- Yfocus / about.htm
2008.07.23 20:30 B C:\Documents and Settings\Mark\My Documents\Websites\Yfocus\contact body.html <-- Yfocus / contact body.html
2008.07.23 20:30 B C:\Documents and Settings\Mark\My Documents\Websites\Yfocus\daring body.html <-- Yfocus / daring body.html
2008.07.23 20:30 B C:\Documents and Settings\Mark\My Documents\Websites\Yfocus\daring_body.html <-- Yfocus / daring_body.html
2008.07.23 20:30 B C:\Documents and Settings\Mark\My Documents\Websites\Yfocus\financial body.htm <-- Yfocus / financial body.htm
2008.07.23 20:30 B C:\Documents and Settings\Mark\My Documents\Websites\Yfocus\financial_body.htm <-- Yfocus / financial_body.htm
2008.07.23 20:30 B C:\Documents and Settings\Mark\My Documents\Websites\Yfocus\heart body.html <-- Yfocus / heart body.html
2008.07.23 20:30 B C:\Documents and Settings\Mark\My Documents\Websites\Yfocus\heart_body.htm <-- Yfocus / heart_body.htm
2008.07.23 20:30 B C:\Documents and Settings\Mark\My Documents\Websites\Yfocus\horizons body.html <-- Yfocus / horizons body.html
2008.07.23 20:30 B C:\Documents and Settings\Mark\My Documents\Websites\Yfocus\horizons_body.htm <-- Yfocus / horizons_body.htm
2008.07.23 20:30 B C:\Documents and Settings\Mark\My Documents\Websites\Yfocus\index.html <-- Yfocus / index.html
2008.07.23 20:30 B C:\Documents and Settings\Mark\My Documents\Websites\Yfocus\links body.html <-- Yfocus / links body.html
2008.07.23 20:30 B C:\Documents and Settings\Mark\My Documents\Websites\Yfocus\welcome body.html <-- Yfocus / welcome body.html
2008.07.23 20:30 B C:\Documents and Settings\Mark\My Documents\Websites\Yfocus\welcome_body.html <-- Yfocus / welcome_body.html
2008.07.23 20:30 B C:\Documents and Settings\Mark\My Documents\Websites\Yfocus\whats new body.html <-- Yfocus / whats new body.html
2008.07.23 20:30 B C:\Documents and Settings\Mark\My Documents\Websites\Yfocus\whatsnew_body.html <-- Yfocus / whatsnew_body.html
2008.07.23 20:30 B C:\Documents and Settings\Mark\My Documents\Websites\Yfocus\yfocus frameset.html <-- Yfocus / yfocus frameset.html
2008.07.23 20:30 B C:\Documents and Settings\Mark\My Documents\Websites\Yfocus\yfocus-menu.html <-- Yfocus / yfocus-menu.html
2008.07.23 20:30 B C:\Documents and Settings\Mark\My Documents\Websites\Yfocus\yfocus_contact.html <-- Yfocus / yfocus_contact.html
2008.07.23 20:30 B C:\Documents and Settings\Mark\My Documents\Websites\Yfocus\yfocus_different.html <-- Yfocus / yfocus_different.html
2008.07.23 20:30 B C:\Documents and Settings\Mark\My Documents\Websites\Yfocus\yfocus_financial.html <-- Yfocus / yfocus_financial.html
2008.07.23 20:30 B C:\Documents and Settings\Mark\My Documents\Websites\Yfocus\yfocus_links.html <-- Yfocus / yfocus_links.html
2008.07.23 20:30 B C:\Documents and Settings\Mark\My Documents\Websites\Yfocus\yfocus_new.html <-- Yfocus / yfocus_new.html
2008.07.23 20:30 B C:\Documents and Settings\Mark\My Documents\Websites\Yfocus\yfocus_service.html <-- Yfocus / yfocus_service.html
2008.07.23 20:30 B C:\Documents and Settings\Mark\My Documents\Websites\Yfocus\yfocus_welcome.html <-- Yfocus / yfocus_welcome.html
2008.07.23 20:30 B C:\Documents and Settings\Mark\My Documents\Websites\Yfocus\yfocus_world.html <-- Yfocus / yfocus_world.html
