2008.07.23 20:31 B C:\Documents and Settings\Mark\My Documents\Websites\Yfocus\fairtrade\about.htm <-- Yfocus /fairtrade about.htm
2008.07.23 20:31 B C:\Documents and Settings\Mark\My Documents\Websites\Yfocus\fairtrade\American_FootBall.jpg <-- Yfocus /fairtrade American_FootBall.jpg
2008.07.23 20:31 B C:\Documents and Settings\Mark\My Documents\Websites\Yfocus\fairtrade\Basketball.JPG <-- Yfocus /fairtrade Basketball.JPG
2008.07.23 20:31 B C:\Documents and Settings\Mark\My Documents\Websites\Yfocus\fairtrade\beach volleyball 2.JPG <-- Yfocus /fairtrade beach volleyball 2.JPG
2008.07.23 20:32 B C:\Documents and Settings\Mark\My Documents\Websites\Yfocus\fairtrade\BVB-L.JPG <-- Yfocus /fairtrade BVB-L.JPG
2008.07.23 20:32 B C:\Documents and Settings\Mark\My Documents\Websites\Yfocus\fairtrade\BVB-PU.JPG <-- Yfocus /fairtrade BVB-PU.JPG
2008.07.23 20:32 B C:\Documents and Settings\Mark\My Documents\Websites\Yfocus\fairtrade\cartoon.jpg <-- Yfocus /fairtrade cartoon.jpg
2008.07.23 20:32 B C:\Documents and Settings\Mark\My Documents\Websites\Yfocus\fairtrade\Childrensoccerball.jpg <-- Yfocus /fairtrade Childrensoccerball.jpg
2008.07.23 20:32 B C:\Documents and Settings\Mark\My Documents\Websites\Yfocus\fairtrade\contact.htm <-- Yfocus /fairtrade contact.htm
2008.07.23 20:32 B C:\Documents and Settings\Mark\My Documents\Websites\Yfocus\fairtrade\education.htm <-- Yfocus /fairtrade education.htm
2008.07.23 20:32 B C:\Documents and Settings\Mark\My Documents\Websites\Yfocus\fairtrade\Fair World Sports catalogue.pdf <-- Yfocus /fairtrade Fair World Sports catalogue.pdf
2008.07.23 20:32 B C:\Documents and Settings\Mark\My Documents\Websites\Yfocus\fairtrade\fairtrade.htm <-- Yfocus /fairtrade fairtrade.htm
2008.07.23 20:32 B C:\Documents and Settings\Mark\My Documents\Websites\Yfocus\fairtrade\FUT.JPG <-- Yfocus /fairtrade FUT.JPG
2008.07.23 20:32 B C:\Documents and Settings\Mark\My Documents\Websites\Yfocus\fairtrade\index.htm <-- Yfocus /fairtrade index.htm
2008.07.23 20:32 B C:\Documents and Settings\Mark\My Documents\Websites\Yfocus\fairtrade\Indoor soccer 2.JPG <-- Yfocus /fairtrade Indoor soccer 2.JPG
2008.07.23 20:32 B C:\Documents and Settings\Mark\My Documents\Websites\Yfocus\fairtrade\IRlayout2_01.gif <-- Yfocus /fairtrade IRlayout2_01.gif
2008.07.23 20:32 B C:\Documents and Settings\Mark\My Documents\Websites\Yfocus\fairtrade\IRlayout2_02.gif <-- Yfocus /fairtrade IRlayout2_02.gif
2008.07.23 20:32 B C:\Documents and Settings\Mark\My Documents\Websites\Yfocus\fairtrade\IRlayout2_04.gif <-- Yfocus /fairtrade IRlayout2_04.gif
2008.07.23 20:32 B C:\Documents and Settings\Mark\My Documents\Websites\Yfocus\fairtrade\IRlayout2_05.gif <-- Yfocus /fairtrade IRlayout2_05.gif
2008.07.23 20:32 B C:\Documents and Settings\Mark\My Documents\Websites\Yfocus\fairtrade\IRlayout2_06.gif <-- Yfocus /fairtrade IRlayout2_06.gif
2008.07.23 20:32 B C:\Documents and Settings\Mark\My Documents\Websites\Yfocus\fairtrade\IRlayout2_07.gif <-- Yfocus /fairtrade IRlayout2_07.gif
2008.07.23 20:32 B C:\Documents and Settings\Mark\My Documents\Websites\Yfocus\fairtrade\IRlayout2_08.gif <-- Yfocus /fairtrade IRlayout2_08.gif
2008.07.23 20:32 B C:\Documents and Settings\Mark\My Documents\Websites\Yfocus\fairtrade\IRlayout2_09.gif <-- Yfocus /fairtrade IRlayout2_09.gif
2008.07.23 20:32 B C:\Documents and Settings\Mark\My Documents\Websites\Yfocus\fairtrade\ISB.JPG <-- Yfocus /fairtrade ISB.JPG
2008.07.23 20:32 B C:\Documents and Settings\Mark\My Documents\Websites\Yfocus\fairtrade\Match Plus.JPG <-- Yfocus /fairtrade Match Plus.JPG
2008.07.23 20:32 B C:\Documents and Settings\Mark\My Documents\Websites\Yfocus\fairtrade\Match.JPG <-- Yfocus /fairtrade Match.JPG
2008.07.23 20:32 B C:\Documents and Settings\Mark\My Documents\Websites\Yfocus\fairtrade\NAF.JPG <-- Yfocus /fairtrade NAF.JPG
2008.07.23 20:32 B C:\Documents and Settings\Mark\My Documents\Websites\Yfocus\fairtrade\nepal1.jpg <-- Yfocus /fairtrade nepal1.jpg
2008.07.23 20:32 B C:\Documents and Settings\Mark\My Documents\Websites\Yfocus\fairtrade\nepal2.jpg <-- Yfocus /fairtrade nepal2.jpg
2008.07.23 20:32 B C:\Documents and Settings\Mark\My Documents\Websites\Yfocus\fairtrade\nepal3.jpg <-- Yfocus /fairtrade nepal3.jpg
2008.07.23 20:32 B C:\Documents and Settings\Mark\My Documents\Websites\Yfocus\fairtrade\nepal4.jpg <-- Yfocus /fairtrade nepal4.jpg
2008.07.23 20:32 B C:\Documents and Settings\Mark\My Documents\Websites\Yfocus\fairtrade\nepal5.jpg <-- Yfocus /fairtrade nepal5.jpg
2008.07.23 20:32 B C:\Documents and Settings\Mark\My Documents\Websites\Yfocus\fairtrade\order.htm <-- Yfocus /fairtrade order.htm
2008.07.23 20:32 B C:\Documents and Settings\Mark\My Documents\Websites\Yfocus\fairtrade\Ordering.gif <-- Yfocus /fairtrade Ordering.gif
2008.07.23 20:32 B C:\Documents and Settings\Mark\My Documents\Websites\Yfocus\fairtrade\Premiumsoccer.jpg <-- Yfocus /fairtrade Premiumsoccer.jpg
2008.07.23 20:32 B C:\Documents and Settings\Mark\My Documents\Websites\Yfocus\fairtrade\Pro soccer ball.JPG <-- Yfocus /fairtrade Pro soccer ball.JPG
2008.07.23 20:32 B C:\Documents and Settings\Mark\My Documents\Websites\Yfocus\fairtrade\Pro Volleyball PU.jpg <-- Yfocus /fairtrade Pro Volleyball PU.jpg
2008.07.23 20:32 B C:\Documents and Settings\Mark\My Documents\Websites\Yfocus\fairtrade\product.htm <-- Yfocus /fairtrade product.htm
2008.07.23 20:32 B C:\Documents and Settings\Mark\My Documents\Websites\Yfocus\fairtrade\Products.gif <-- Yfocus /fairtrade Products.gif
2008.07.23 20:32 B C:\Documents and Settings\Mark\My Documents\Websites\Yfocus\fairtrade\projects.htm <-- Yfocus /fairtrade projects.htm
2008.07.23 20:32 B C:\Documents and Settings\Mark\My Documents\Websites\Yfocus\fairtrade\Rugby ball.jpg <-- Yfocus /fairtrade Rugby ball.jpg
2008.07.23 20:32 B C:\Documents and Settings\Mark\My Documents\Websites\Yfocus\fairtrade\shirt logo.jpg <-- Yfocus /fairtrade shirt logo.jpg
2008.07.23 20:32 B C:\Documents and Settings\Mark\My Documents\Websites\Yfocus\fairtrade\Talon Profile TFC version for review.doc <-- Yfocus /fairtrade Talon Profile TFC version for review.doc
2008.07.23 20:32 B C:\Documents and Settings\Mark\My Documents\Websites\Yfocus\fairtrade\Teensoccerball.jpg <-- Yfocus /fairtrade Teensoccerball.jpg
2008.07.23 20:32 B C:\Documents and Settings\Mark\My Documents\Websites\Yfocus\fairtrade\TFC FAQ Sports Balls.pdf <-- Yfocus /fairtrade TFC FAQ Sports Balls.pdf
2008.07.23 20:32 B C:\Documents and Settings\Mark\My Documents\Websites\Yfocus\fairtrade\VB-PU.JPG <-- Yfocus /fairtrade VB-PU.JPG
2008.07.23 20:32 B C:\Documents and Settings\Mark\My Documents\Websites\Yfocus\fairtrade\Volleyball 1.JPG <-- Yfocus /fairtrade Volleyball 1.JPG
