2008.07.23 20:32 B C:\Documents and Settings\Mark\My Documents\Websites\Yfocus\images\contact.gif <-- Yfocus /images contact.gif
2008.07.23 20:33 B C:\Documents and Settings\Mark\My Documents\Websites\Yfocus\images\daring-horizons_down.gif <-- Yfocus /images daring-horizons_down.gif
2008.07.23 20:33 B C:\Documents and Settings\Mark\My Documents\Websites\Yfocus\images\daring-over.gif <-- Yfocus /images daring-over.gif
2008.07.23 20:33 B C:\Documents and Settings\Mark\My Documents\Websites\Yfocus\images\daring.gif <-- Yfocus /images daring.gif
2008.07.23 20:33 B C:\Documents and Settings\Mark\My Documents\Websites\Yfocus\images\financial-over.gif <-- Yfocus /images financial-over.gif
2008.07.23 20:33 B C:\Documents and Settings\Mark\My Documents\Websites\Yfocus\images\financial.gif <-- Yfocus /images financial.gif
2008.07.23 20:33 B C:\Documents and Settings\Mark\My Documents\Websites\Yfocus\images\horizons-over.gif <-- Yfocus /images horizons-over.gif
2008.07.23 20:33 B C:\Documents and Settings\Mark\My Documents\Websites\Yfocus\images\horizons.gif <-- Yfocus /images horizons.gif
2008.07.23 20:33 B C:\Documents and Settings\Mark\My Documents\Websites\Yfocus\images\index_01.gif <-- Yfocus /images index_01.gif
2008.07.23 20:33 B C:\Documents and Settings\Mark\My Documents\Websites\Yfocus\images\index_02.gif <-- Yfocus /images index_02.gif
2008.07.23 20:33 B C:\Documents and Settings\Mark\My Documents\Websites\Yfocus\images\index_03.gif <-- Yfocus /images index_03.gif
2008.07.23 20:33 B C:\Documents and Settings\Mark\My Documents\Websites\Yfocus\images\index_04.gif <-- Yfocus /images index_04.gif
2008.07.23 20:33 B C:\Documents and Settings\Mark\My Documents\Websites\Yfocus\images\index_05.gif <-- Yfocus /images index_05.gif
2008.07.23 20:33 B C:\Documents and Settings\Mark\My Documents\Websites\Yfocus\images\index_06.gif <-- Yfocus /images index_06.gif
2008.07.23 20:33 B C:\Documents and Settings\Mark\My Documents\Websites\Yfocus\images\index_07-service_over.gif <-- Yfocus /images index_07-service_over.gif
2008.07.23 20:33 B C:\Documents and Settings\Mark\My Documents\Websites\Yfocus\images\index_07.gif <-- Yfocus /images index_07.gif
2008.07.23 20:33 B C:\Documents and Settings\Mark\My Documents\Websites\Yfocus\images\index_09-service_over.gif <-- Yfocus /images index_09-service_over.gif
2008.07.23 20:33 B C:\Documents and Settings\Mark\My Documents\Websites\Yfocus\images\index_09.gif <-- Yfocus /images index_09.gif
2008.07.23 20:33 B C:\Documents and Settings\Mark\My Documents\Websites\Yfocus\images\index_10-service_over.gif <-- Yfocus /images index_10-service_over.gif
2008.07.23 20:33 B C:\Documents and Settings\Mark\My Documents\Websites\Yfocus\images\index_10.gif <-- Yfocus /images index_10.gif
2008.07.23 20:33 B C:\Documents and Settings\Mark\My Documents\Websites\Yfocus\images\index_11-horizons_over.gif <-- Yfocus /images index_11-horizons_over.gif
2008.07.23 20:33 B C:\Documents and Settings\Mark\My Documents\Websites\Yfocus\images\index_11.gif <-- Yfocus /images index_11.gif
2008.07.23 20:33 B C:\Documents and Settings\Mark\My Documents\Websites\Yfocus\images\index_13-horizons_over.gif <-- Yfocus /images index_13-horizons_over.gif
2008.07.23 20:33 B C:\Documents and Settings\Mark\My Documents\Websites\Yfocus\images\index_13.gif <-- Yfocus /images index_13.gif
2008.07.23 20:33 B C:\Documents and Settings\Mark\My Documents\Websites\Yfocus\images\index_14-horizons_over.gif <-- Yfocus /images index_14-horizons_over.gif
2008.07.23 20:33 B C:\Documents and Settings\Mark\My Documents\Websites\Yfocus\images\index_14.gif <-- Yfocus /images index_14.gif
2008.07.23 20:33 B C:\Documents and Settings\Mark\My Documents\Websites\Yfocus\images\index_15-daring_over.gif <-- Yfocus /images index_15-daring_over.gif
2008.07.23 20:33 B C:\Documents and Settings\Mark\My Documents\Websites\Yfocus\images\index_15.gif <-- Yfocus /images index_15.gif
2008.07.23 20:33 B C:\Documents and Settings\Mark\My Documents\Websites\Yfocus\images\index_17-daring_over.gif <-- Yfocus /images index_17-daring_over.gif
2008.07.23 20:33 B C:\Documents and Settings\Mark\My Documents\Websites\Yfocus\images\index_17.gif <-- Yfocus /images index_17.gif
2008.07.23 20:33 B C:\Documents and Settings\Mark\My Documents\Websites\Yfocus\images\index_18-daring_over.gif <-- Yfocus /images index_18-daring_over.gif
2008.07.23 20:33 B C:\Documents and Settings\Mark\My Documents\Websites\Yfocus\images\index_18-horizons_down.gif <-- Yfocus /images index_18-horizons_down.gif
2008.07.23 20:33 B C:\Documents and Settings\Mark\My Documents\Websites\Yfocus\images\index_18.gif <-- Yfocus /images index_18.gif
2008.07.23 20:33 B C:\Documents and Settings\Mark\My Documents\Websites\Yfocus\images\index_19-financial_over.gif <-- Yfocus /images index_19-financial_over.gif
2008.07.23 20:33 B C:\Documents and Settings\Mark\My Documents\Websites\Yfocus\images\index_19.gif <-- Yfocus /images index_19.gif
2008.07.23 20:33 B C:\Documents and Settings\Mark\My Documents\Websites\Yfocus\images\index_21-financial_over.gif <-- Yfocus /images index_21-financial_over.gif
2008.07.23 20:33 B C:\Documents and Settings\Mark\My Documents\Websites\Yfocus\images\index_21-links_down.gif <-- Yfocus /images index_21-links_down.gif
2008.07.23 20:33 B C:\Documents and Settings\Mark\My Documents\Websites\Yfocus\images\index_21-links_over.gif <-- Yfocus /images index_21-links_over.gif
2008.07.23 20:33 B C:\Documents and Settings\Mark\My Documents\Websites\Yfocus\images\index_21.gif <-- Yfocus /images index_21.gif
2008.07.23 20:33 B C:\Documents and Settings\Mark\My Documents\Websites\Yfocus\images\index_22-financial_over.gif <-- Yfocus /images index_22-financial_over.gif
2008.07.23 20:33 B C:\Documents and Settings\Mark\My Documents\Websites\Yfocus\images\index_22.gif <-- Yfocus /images index_22.gif
2008.07.23 20:33 B C:\Documents and Settings\Mark\My Documents\Websites\Yfocus\images\index_23-new_over.gif <-- Yfocus /images index_23-new_over.gif
2008.07.23 20:33 B C:\Documents and Settings\Mark\My Documents\Websites\Yfocus\images\index_23.gif <-- Yfocus /images index_23.gif
2008.07.23 20:33 B C:\Documents and Settings\Mark\My Documents\Websites\Yfocus\images\index_25-links_down.gif <-- Yfocus /images index_25-links_down.gif
2008.07.23 20:33 B C:\Documents and Settings\Mark\My Documents\Websites\Yfocus\images\index_25-links_over.gif <-- Yfocus /images index_25-links_over.gif
2008.07.23 20:33 B C:\Documents and Settings\Mark\My Documents\Websites\Yfocus\images\index_25-new_over.gif <-- Yfocus /images index_25-new_over.gif
2008.07.23 20:33 B C:\Documents and Settings\Mark\My Documents\Websites\Yfocus\images\index_25.gif <-- Yfocus /images index_25.gif
2008.07.23 20:33 B C:\Documents and Settings\Mark\My Documents\Websites\Yfocus\images\index_26-new_over.gif <-- Yfocus /images index_26-new_over.gif
2008.07.23 20:33 B C:\Documents and Settings\Mark\My Documents\Websites\Yfocus\images\index_26.gif <-- Yfocus /images index_26.gif
2008.07.23 20:33 B C:\Documents and Settings\Mark\My Documents\Websites\Yfocus\images\index_27-welcome_over.gif <-- Yfocus /images index_27-welcome_over.gif
2008.07.23 20:33 B C:\Documents and Settings\Mark\My Documents\Websites\Yfocus\images\index_27.gif <-- Yfocus /images index_27.gif
2008.07.23 20:33 B C:\Documents and Settings\Mark\My Documents\Websites\Yfocus\images\index_29-links_down.gif <-- Yfocus /images index_29-links_down.gif
2008.07.23 20:33 B C:\Documents and Settings\Mark\My Documents\Websites\Yfocus\images\index_29-links_over.gif <-- Yfocus /images index_29-links_over.gif
2008.07.23 20:33 B C:\Documents and Settings\Mark\My Documents\Websites\Yfocus\images\index_29-welcome_over.gif <-- Yfocus /images index_29-welcome_over.gif
2008.07.23 20:33 B C:\Documents and Settings\Mark\My Documents\Websites\Yfocus\images\index_29.gif <-- Yfocus /images index_29.gif
2008.07.23 20:33 B C:\Documents and Settings\Mark\My Documents\Websites\Yfocus\images\index_30-welcome_over.gif <-- Yfocus /images index_30-welcome_over.gif
2008.07.23 20:33 B C:\Documents and Settings\Mark\My Documents\Websites\Yfocus\images\index_30.gif <-- Yfocus /images index_30.gif
2008.07.23 20:33 B C:\Documents and Settings\Mark\My Documents\Websites\Yfocus\images\index_31-links_down.gif <-- Yfocus /images index_31-links_down.gif
2008.07.23 20:33 B C:\Documents and Settings\Mark\My Documents\Websites\Yfocus\images\index_31-links_over.gif <-- Yfocus /images index_31-links_over.gif
2008.07.23 20:33 B C:\Documents and Settings\Mark\My Documents\Websites\Yfocus\images\index_31.gif <-- Yfocus /images index_31.gif
2008.07.23 20:33 B C:\Documents and Settings\Mark\My Documents\Websites\Yfocus\images\index_33-daring_over.gif <-- Yfocus /images index_33-daring_over.gif
2008.07.23 20:33 B C:\Documents and Settings\Mark\My Documents\Websites\Yfocus\images\index_33-links_down.gif <-- Yfocus /images index_33-links_down.gif
2008.07.23 20:33 B C:\Documents and Settings\Mark\My Documents\Websites\Yfocus\images\index_33-links_over.gif <-- Yfocus /images index_33-links_over.gif
2008.07.23 20:33 B C:\Documents and Settings\Mark\My Documents\Websites\Yfocus\images\index_33.gif <-- Yfocus /images index_33.gif
2008.07.23 20:33 B C:\Documents and Settings\Mark\My Documents\Websites\Yfocus\images\index_34.gif <-- Yfocus /images index_34.gif
2008.07.23 20:33 B C:\Documents and Settings\Mark\My Documents\Websites\Yfocus\images\index_36.gif <-- Yfocus /images index_36.gif
2008.07.23 20:33 B C:\Documents and Settings\Mark\My Documents\Websites\Yfocus\images\index_37.gif <-- Yfocus /images index_37.gif
2008.07.23 20:33 B C:\Documents and Settings\Mark\My Documents\Websites\Yfocus\images\index_49.gif <-- Yfocus /images index_49.gif
2008.07.23 20:33 B C:\Documents and Settings\Mark\My Documents\Websites\Yfocus\images\links-daring_over.gif <-- Yfocus /images links-daring_over.gif
2008.07.23 20:33 B C:\Documents and Settings\Mark\My Documents\Websites\Yfocus\images\links-service_over.gif <-- Yfocus /images links-service_over.gif
2008.07.23 20:33 B C:\Documents and Settings\Mark\My Documents\Websites\Yfocus\images\links.gif <-- Yfocus /images links.gif
2008.07.23 20:33 B C:\Documents and Settings\Mark\My Documents\Websites\Yfocus\images\new-over.gif <-- Yfocus /images new-over.gif
2008.07.23 20:33 B C:\Documents and Settings\Mark\My Documents\Websites\Yfocus\images\new.gif <-- Yfocus /images new.gif
2008.07.23 20:33 B C:\Documents and Settings\Mark\My Documents\Websites\Yfocus\images\rotating globe.swf <-- Yfocus /images rotating globe.swf
2008.07.23 20:33 B C:\Documents and Settings\Mark\My Documents\Websites\Yfocus\images\service-over.gif <-- Yfocus /images service-over.gif
2008.07.23 20:33 B C:\Documents and Settings\Mark\My Documents\Websites\Yfocus\images\service.gif <-- Yfocus /images service.gif
2008.07.23 20:33 B C:\Documents and Settings\Mark\My Documents\Websites\Yfocus\images\sntvlogo.gif <-- Yfocus /images sntvlogo.gif
2008.07.23 20:33 B C:\Documents and Settings\Mark\My Documents\Websites\Yfocus\images\spacer.gif <-- Yfocus /images spacer.gif
2008.07.23 20:33 B C:\Documents and Settings\Mark\My Documents\Websites\Yfocus\images\welcome-over.gif <-- Yfocus /images welcome-over.gif
2008.07.23 20:33 B C:\Documents and Settings\Mark\My Documents\Websites\Yfocus\images\welcome.gif <-- Yfocus /images welcome.gif
2008.07.23 20:33 B C:\Documents and Settings\Mark\My Documents\Websites\Yfocus\images\yfocus-menu_01.gif <-- Yfocus /images yfocus-menu_01.gif
2008.07.23 20:33 B C:\Documents and Settings\Mark\My Documents\Websites\Yfocus\images\yfocus-menu_02.gif <-- Yfocus /images yfocus-menu_02.gif
2008.07.23 20:33 B C:\Documents and Settings\Mark\My Documents\Websites\Yfocus\images\yfocus-menu_03.gif <-- Yfocus /images yfocus-menu_03.gif
2008.07.23 20:33 B C:\Documents and Settings\Mark\My Documents\Websites\Yfocus\images\yfocus-menu_04.gif <-- Yfocus /images yfocus-menu_04.gif
2008.07.23 20:33 B C:\Documents and Settings\Mark\My Documents\Websites\Yfocus\images\yfocus-menu_05.gif <-- Yfocus /images yfocus-menu_05.gif
2008.07.23 20:33 B C:\Documents and Settings\Mark\My Documents\Websites\Yfocus\images\yfocus-menu_06.gif <-- Yfocus /images yfocus-menu_06.gif
2008.07.23 20:33 B C:\Documents and Settings\Mark\My Documents\Websites\Yfocus\images\yfocus-menu_07.gif <-- Yfocus /images yfocus-menu_07.gif
2008.07.23 20:33 B C:\Documents and Settings\Mark\My Documents\Websites\Yfocus\images\yfocus-menu_08.gif <-- Yfocus /images yfocus-menu_08.gif
2008.07.23 20:33 B C:\Documents and Settings\Mark\My Documents\Websites\Yfocus\images\yfocus-menu_09.gif <-- Yfocus /images yfocus-menu_09.gif
2008.07.23 20:33 B C:\Documents and Settings\Mark\My Documents\Websites\Yfocus\images\yfocus-menu_10.gif <-- Yfocus /images yfocus-menu_10.gif
2008.07.23 20:33 B C:\Documents and Settings\Mark\My Documents\Websites\Yfocus\images\yfocus-menu_11.gif <-- Yfocus /images yfocus-menu_11.gif
2008.07.23 20:33 B C:\Documents and Settings\Mark\My Documents\Websites\Yfocus\images\yfocus-menu_12.gif <-- Yfocus /images yfocus-menu_12.gif
2008.07.23 20:33 B C:\Documents and Settings\Mark\My Documents\Websites\Yfocus\images\yfocus-menu_13.gif <-- Yfocus /images yfocus-menu_13.gif
2008.07.23 20:33 B C:\Documents and Settings\Mark\My Documents\Websites\Yfocus\images\yfocus-menu_14.gif <-- Yfocus /images yfocus-menu_14.gif
2008.07.23 20:33 B C:\Documents and Settings\Mark\My Documents\Websites\Yfocus\images\yfocus-menu_15.gif <-- Yfocus /images yfocus-menu_15.gif
2008.07.23 20:33 B C:\Documents and Settings\Mark\My Documents\Websites\Yfocus\images\yfocus-menu_16.gif <-- Yfocus /images yfocus-menu_16.gif
2008.07.23 20:33 B C:\Documents and Settings\Mark\My Documents\Websites\Yfocus\images\yfocus-menu_17.gif <-- Yfocus /images yfocus-menu_17.gif
2008.07.23 20:33 B C:\Documents and Settings\Mark\My Documents\Websites\Yfocus\images\yfocus-menu_18.gif <-- Yfocus /images yfocus-menu_18.gif
2008.07.23 20:33 B C:\Documents and Settings\Mark\My Documents\Websites\Yfocus\images\yfocus-menu_19.gif <-- Yfocus /images yfocus-menu_19.gif
2008.07.23 20:33 B C:\Documents and Settings\Mark\My Documents\Websites\Yfocus\images\yfocus-menu_20.gif <-- Yfocus /images yfocus-menu_20.gif
2008.07.23 20:33 B C:\Documents and Settings\Mark\My Documents\Websites\Yfocus\images\yfocus-menu_21.gif <-- Yfocus /images yfocus-menu_21.gif
2008.07.23 20:33 B C:\Documents and Settings\Mark\My Documents\Websites\Yfocus\images\yfocus.swf <-- Yfocus /images yfocus.swf
