2008.07.23 20:30 B C:\Documents and Settings\Mark\My Documents\Websites\Yfocus\childsplay\BeanFair-2.pdf <-- Yfocus /childsplay BeanFair-2.pdf
2008.07.23 20:30 B C:\Documents and Settings\Mark\My Documents\Websites\Yfocus\childsplay\BeanFair.pdf <-- Yfocus /childsplay BeanFair.pdf
2008.07.23 20:30 B C:\Documents and Settings\Mark\My Documents\Websites\Yfocus\childsplay\Brazil.htm <-- Yfocus /childsplay Brazil.htm
2008.07.23 20:30 B C:\Documents and Settings\Mark\My Documents\Websites\Yfocus\childsplay\Contacts.html <-- Yfocus /childsplay Contacts.html
2008.07.23 20:30 B C:\Documents and Settings\Mark\My Documents\Websites\Yfocus\childsplay\Donations.html <-- Yfocus /childsplay Donations.html
2008.07.23 20:30 B C:\Documents and Settings\Mark\My Documents\Websites\Yfocus\childsplay\Elsalvador.htm <-- Yfocus /childsplay Elsalvador.htm
2008.07.23 20:30 B C:\Documents and Settings\Mark\My Documents\Websites\Yfocus\childsplay\Haiti.htm <-- Yfocus /childsplay Haiti.htm
2008.07.23 20:30 B C:\Documents and Settings\Mark\My Documents\Websites\Yfocus\childsplay\Honduras.htm <-- Yfocus /childsplay Honduras.htm
2008.07.23 20:30 B C:\Documents and Settings\Mark\My Documents\Websites\Yfocus\childsplay\Image15.gif <-- Yfocus /childsplay Image15.gif
2008.07.23 20:30 B C:\Documents and Settings\Mark\My Documents\Websites\Yfocus\childsplay\Image16.gif <-- Yfocus /childsplay Image16.gif
2008.07.23 20:30 B C:\Documents and Settings\Mark\My Documents\Websites\Yfocus\childsplay\Image17.gif <-- Yfocus /childsplay Image17.gif
2008.07.23 20:30 B C:\Documents and Settings\Mark\My Documents\Websites\Yfocus\childsplay\Image18.jpg <-- Yfocus /childsplay Image18.jpg
2008.07.23 20:30 B C:\Documents and Settings\Mark\My Documents\Websites\Yfocus\childsplay\index.html <-- Yfocus /childsplay index.html
2008.07.23 20:30 B C:\Documents and Settings\Mark\My Documents\Websites\Yfocus\childsplay\June3update.htm <-- Yfocus /childsplay June3update.htm
2008.07.23 20:30 B C:\Documents and Settings\Mark\My Documents\Websites\Yfocus\childsplay\Label  for cans.pdf <-- Yfocus /childsplay Label  for cans.pdf
2008.07.23 20:30 B C:\Documents and Settings\Mark\My Documents\Websites\Yfocus\childsplay\Lesotho.htm <-- Yfocus /childsplay Lesotho.htm
2008.07.23 20:30 B C:\Documents and Settings\Mark\My Documents\Websites\Yfocus\childsplay\Let the children play - clubs.htm <-- Yfocus /childsplay Let the children play - clubs.htm
2008.07.23 20:30 B C:\Documents and Settings\Mark\My Documents\Websites\Yfocus\childsplay\localaction.html <-- Yfocus /childsplay localaction.html
2008.07.23 20:30 B C:\Documents and Settings\Mark\My Documents\Websites\Yfocus\childsplay\logo.html <-- Yfocus /childsplay logo.html
2008.07.23 20:30 B C:\Documents and Settings\Mark\My Documents\Websites\Yfocus\childsplay\Nepal.htm <-- Yfocus /childsplay Nepal.htm
2008.07.23 20:30 B C:\Documents and Settings\Mark\My Documents\Websites\Yfocus\childsplay\news.html <-- Yfocus /childsplay news.html
2008.07.23 20:30 B C:\Documents and Settings\Mark\My Documents\Websites\Yfocus\childsplay\Pamphlet info.pdf <-- Yfocus /childsplay Pamphlet info.pdf
2008.07.23 20:30 B C:\Documents and Settings\Mark\My Documents\Websites\Yfocus\childsplay\Pamphlet.pdf <-- Yfocus /childsplay Pamphlet.pdf
2008.07.23 20:30 B C:\Documents and Settings\Mark\My Documents\Websites\Yfocus\childsplay\PlayFair 2006.htm <-- Yfocus /childsplay PlayFair 2006.htm
2008.07.23 20:30 B C:\Documents and Settings\Mark\My Documents\Websites\Yfocus\childsplay\Poster.pdf <-- Yfocus /childsplay Poster.pdf
2008.07.23 20:30 B C:\Documents and Settings\Mark\My Documents\Websites\Yfocus\childsplay\Projectinformation.html <-- Yfocus /childsplay Projectinformation.html
2008.07.23 20:30 B C:\Documents and Settings\Mark\My Documents\Websites\Yfocus\childsplay\Projects.html <-- Yfocus /childsplay Projects.html
2008.07.23 20:30 B C:\Documents and Settings\Mark\My Documents\Websites\Yfocus\childsplay\Projectsbyagency.html <-- Yfocus /childsplay Projectsbyagency.html
2008.07.23 20:30 B C:\Documents and Settings\Mark\My Documents\Websites\Yfocus\childsplay\Projectsbycountry.html <-- Yfocus /childsplay Projectsbycountry.html
2008.07.23 20:30 B C:\Documents and Settings\Mark\My Documents\Websites\Yfocus\childsplay\SierraLeone.htm <-- Yfocus /childsplay SierraLeone.htm
2008.07.23 20:30 B C:\Documents and Settings\Mark\My Documents\Websites\Yfocus\childsplay\South Africa.htm <-- Yfocus /childsplay South Africa.htm
2008.07.23 20:30 B C:\Documents and Settings\Mark\My Documents\Websites\Yfocus\childsplay\Swaziland.htm <-- Yfocus /childsplay Swaziland.htm
2008.07.23 20:30 B C:\Documents and Settings\Mark\My Documents\Websites\Yfocus\childsplay\Tanzania.htm <-- Yfocus /childsplay Tanzania.htm
2008.07.23 20:30 B C:\Documents and Settings\Mark\My Documents\Websites\Yfocus\childsplay\Uganda.htm <-- Yfocus /childsplay Uganda.htm
2008.07.23 20:30 B C:\Documents and Settings\Mark\My Documents\Websites\Yfocus\childsplay\YSCFairtrade.html <-- Yfocus /childsplay YSCFairtrade.html
2008.07.23 20:30 B C:\Documents and Settings\Mark\My Documents\Websites\Yfocus\childsplay\Zambia.htm <-- Yfocus /childsplay Zambia.htm
