2008.07.23 20:35 B C:\Documents and Settings\Mark\My Documents\Websites\Yfocus\sierraleone\2002trip.htm <-- Yfocus /sierraleone 2002trip.htm
2008.07.23 20:35 B C:\Documents and Settings\Mark\My Documents\Websites\Yfocus\sierraleone\advent.htm <-- Yfocus /sierraleone advent.htm
2008.07.23 20:35 B C:\Documents and Settings\Mark\My Documents\Websites\Yfocus\sierraleone\background.gif <-- Yfocus /sierraleone background.gif
2008.07.23 20:35 B C:\Documents and Settings\Mark\My Documents\Websites\Yfocus\sierraleone\black.gif <-- Yfocus /sierraleone black.gif
2008.07.23 20:35 B C:\Documents and Settings\Mark\My Documents\Websites\Yfocus\sierraleone\button_bk.gif <-- Yfocus /sierraleone button_bk.gif
2008.07.23 20:35 B C:\Documents and Settings\Mark\My Documents\Websites\Yfocus\sierraleone\canadaFlag.gif <-- Yfocus /sierraleone canadaFlag.gif
2008.07.23 20:35 B C:\Documents and Settings\Mark\My Documents\Websites\Yfocus\sierraleone\cfsl.htm <-- Yfocus /sierraleone cfsl.htm
2008.07.23 20:35 B C:\Documents and Settings\Mark\My Documents\Websites\Yfocus\sierraleone\CFSLleft.gif <-- Yfocus /sierraleone CFSLleft.gif
2008.07.23 20:35 B C:\Documents and Settings\Mark\My Documents\Websites\Yfocus\sierraleone\eventsCalendar.htm <-- Yfocus /sierraleone eventsCalendar.htm
2008.07.23 20:35 B C:\Documents and Settings\Mark\My Documents\Websites\Yfocus\sierraleone\home.gif <-- Yfocus /sierraleone home.gif
2008.07.23 20:35 B C:\Documents and Settings\Mark\My Documents\Websites\Yfocus\sierraleone\index.htm <-- Yfocus /sierraleone index.htm
2008.07.23 20:35 B C:\Documents and Settings\Mark\My Documents\Websites\Yfocus\sierraleone\line1.gif <-- Yfocus /sierraleone line1.gif
2008.07.23 20:35 B C:\Documents and Settings\Mark\My Documents\Websites\Yfocus\sierraleone\line_bk.gif <-- Yfocus /sierraleone line_bk.gif
2008.07.23 20:35 B C:\Documents and Settings\Mark\My Documents\Websites\Yfocus\sierraleone\memberGroupsCanada.htm <-- Yfocus /sierraleone memberGroupsCanada.htm
2008.07.23 20:35 B C:\Documents and Settings\Mark\My Documents\Websites\Yfocus\sierraleone\menu_bk.gif <-- Yfocus /sierraleone menu_bk.gif
2008.07.23 20:35 B C:\Documents and Settings\Mark\My Documents\Websites\Yfocus\sierraleone\OSLconnection.htm <-- Yfocus /sierraleone OSLconnection.htm
2008.07.23 20:35 B C:\Documents and Settings\Mark\My Documents\Websites\Yfocus\sierraleone\ourFirst2yrProject.htm <-- Yfocus /sierraleone ourFirst2yrProject.htm
2008.07.23 20:35 B C:\Documents and Settings\Mark\My Documents\Websites\Yfocus\sierraleone\phase2.htm <-- Yfocus /sierraleone phase2.htm
2008.07.23 20:35 B C:\Documents and Settings\Mark\My Documents\Websites\Yfocus\sierraleone\phase2.htm.BAK <-- Yfocus /sierraleone phase2.htm.BAK
2008.07.23 20:35 B C:\Documents and Settings\Mark\My Documents\Websites\Yfocus\sierraleone\programUpdate.htm <-- Yfocus /sierraleone programUpdate.htm
2008.07.23 20:35 B C:\Documents and Settings\Mark\My Documents\Websites\Yfocus\sierraleone\sierraleoneFlag.gif <-- Yfocus /sierraleone sierraleoneFlag.gif
2008.07.23 20:35 B C:\Documents and Settings\Mark\My Documents\Websites\Yfocus\sierraleone\webtravelreport.htm <-- Yfocus /sierraleone webtravelreport.htm
2008.07.23 20:35 B C:\Documents and Settings\Mark\My Documents\Websites\Yfocus\sierraleone\world.gif <-- Yfocus /sierraleone world.gif
2008.07.23 20:35 B C:\Documents and Settings\Mark\My Documents\Websites\Yfocus\sierraleone\x.gif <-- Yfocus /sierraleone x.gif
